2021-08-01 14:56:54,469 - tools.log - INFO - 当前运行环境为：te
2021-08-01 14:57:44,579 - tools.log - INFO - 当前运行环境为：te
2021-08-01 14:57:44,579 - tools.log - ERROR - config.ini 文件中不存在section: [te_ur]
2021-08-01 15:02:54,865 - tools.log - INFO - 当前运行环境为：te
2021-08-01 15:02:54,865 - tools.log - ERROR - config.ini 文件section: [te_url] 中不存在option: admn
2021-08-01 15:04:01,999 - tools.log - INFO - 当前运行环境为：te
2021-08-01 15:04:46,904 - tools.log - INFO - 当前运行环境为：te
2021-08-01 15:32:39,327 - tools.log - INFO - 当前运行环境为：te
2021-08-01 15:34:31,092 - tools.log - INFO - 当前运行环境为：te
2021-08-01 15:39:00,633 - tools.log - INFO - 当前运行环境为：te
2021-08-01 15:39:08,717 - tools.log - INFO - 当前运行环境为：te
2021-08-01 15:39:08,717 - tools.log - ERROR - config.ini 文件中不存在section: [te_mal_db]
2021-08-01 15:41:06,556 - tools.log - INFO - 当前运行环境为：te
2021-08-01 15:42:17,875 - tools.log - INFO - 当前运行环境为：te
2021-08-01 16:27:30,836 - tools.log - INFO - 当前运行环境为：te
2021-08-01 16:35:39,064 - tools.log - INFO - 当前运行环境为：te
2021-08-01 16:36:34,462 - tools.log - INFO - 当前运行环境为：te
2021-08-01 17:12:20,703 - tools.log - INFO - 当前运行环境为：te
2021-08-01 17:13:49,568 - tools.log - INFO - 当前运行环境为：te
2021-08-08 09:57:17,284 - tools.log - INFO - 当前运行环境为：te
2021-08-08 09:59:11,500 - tools.log - INFO - 当前运行环境为：te
2021-08-08 09:59:31,520 - tools.log - INFO - 当前运行环境为：te
2021-08-08 09:59:46,073 - tools.log - INFO - 当前运行环境为：te
2021-08-08 10:17:49,482 - tools.log - INFO - 当前运行环境为：te
2021-08-08 10:18:26,531 - tools.log - INFO - 当前运行环境为：te
2021-08-08 10:19:39,933 - tools.log - INFO - 当前运行环境为：te
2021-08-08 11:10:20,902 - tools.log - INFO - 当前运行环境为：te
2021-08-08 11:10:20,902 - tools.log - INFO - 当前运行环境为：te
2021-08-08 11:10:20,902 - tools.log - INFO - 当前运行环境为：te
2021-08-08 13:03:42,553 - tools.log - INFO - 当前运行环境为：te
2021-08-08 13:03:42,554 - tools.log - INFO - 当前运行环境为：te
2021-08-08 13:13:29,326 - tools.log - INFO - 当前运行环境为：te
2021-08-08 13:13:29,326 - tools.log - INFO - 当前运行环境为：te
2021-08-08 13:21:23,041 - tools.log - INFO - 当前运行环境为：te
2021-08-08 13:21:23,042 - tools.log - INFO - 当前运行环境为：te
2021-08-08 16:55:02,093 - tools.log - INFO - 当前运行环境为：te
2021-08-08 16:55:02,094 - tools.log - INFO - 当前运行环境为：te
2021-08-08 16:55:23,764 - tools.log - INFO - 当前运行环境为：te
2021-08-08 16:55:23,764 - tools.log - INFO - 当前运行环境为：te
2021-08-08 16:55:28,232 - tools.log - INFO - 当前运行环境为：te
2021-08-08 16:55:28,232 - tools.log - INFO - 当前运行环境为：te
2021-08-15 11:50:55,992 - tools.log - INFO - 当前运行环境为：te
2021-08-15 11:50:55,993 - tools.log - INFO - 当前运行环境为：te
2021-08-15 11:51:57,011 - tools.log - INFO - 当前运行环境为：te
2021-08-15 11:51:57,011 - tools.log - INFO - 当前运行环境为：te
2021-08-15 11:53:57,457 - tools.log - INFO - 当前运行环境为：te
2021-08-15 11:53:57,458 - tools.log - INFO - 当前运行环境为：te
2021-08-15 11:56:51,941 - tools.log - INFO - 当前运行环境为：te
2021-08-15 11:56:51,941 - tools.log - INFO - 当前运行环境为：te
2021-08-15 13:07:19,439 - tools.log - INFO - 当前运行环境为：te
2021-08-15 13:07:19,440 - tools.log - INFO - 当前运行环境为：te
2021-08-15 13:09:36,851 - tools.log - INFO - 当前运行环境为：te
2021-08-15 13:09:36,852 - tools.log - INFO - 当前运行环境为：te
2021-08-15 13:09:36,928 - tools.log - DEBUG - -------local_vars：{'token': 'fffd3cd7bbeea6ea60934886bfa8c4a7'}
2021-08-15 13:21:08,783 - tools.log - INFO - 当前运行环境为：te
2021-08-15 13:21:08,784 - tools.log - INFO - 当前运行环境为：te
2021-08-15 13:21:08,895 - tools.log - DEBUG - -------local_vars：{'token': 'b210e856c11f87a663d212857c671322'}
2021-08-15 13:21:08,898 - tools.log - INFO - 当前运行环境为：te
2021-08-15 13:21:08,899 - tools.log - INFO - 当前运行环境为：te
2021-08-15 13:21:08,966 - tools.log - DEBUG - -------local_vars：{'token': 'b210e856c11f87a663d212857c671322'}
